#
# A fatal error has been detected by the Java Runtime Environment:
#
#  EXCEPTION_ACCESS_VIOLATION (0xc0000005) at pc=0x000000006dadb6ea, pid=2592, tid=1696
#
# JRE version: 6.0_18-b07
# Java VM: Java HotSpot(TM) 64-Bit Server VM (16.0-b13 mixed mode windows-amd64 )
# Problematic frame:
# V  [jvm.dll+0x24b6ea]
#
# If you would like to submit a bug report, please visit:
#   http://java.sun.com/webapps/bugreport/crash.jsp
#

---------------  T H R E A D  ---------------

Current thread (0x000000004b5d4000):  JavaThread "JDWP Transport Listener: dt_socket" daemon [_thread_in_vm, id=1696, stack(0x000000004c860000,0x000000004c960000)]

siginfo: ExceptionCode=0xc0000005, reading address 0xffffffffffffffff

Registers:
EAX=0x000000004c95f701, EBX=0x000000004b5d4000, ECX=0x653b7265706c6548, EDX=0x000000004b5d4000
ESP=0x000000004c95f760, EBP=0x653b7265706c6548, ESI=0x000000004c95f840, EDI=0x000000000029ad60
EIP=0x000000006dadb6ea, EFLAGS=0x0000000000010246

Top of Stack: (sp=0x000000004c95f760)
0x000000004c95f760:   0000000000000000 000000006d4e54d3
0x000000004c95f770:   000000004c95f970 000000006db15a35
0x000000004c95f780:   000000004b5d4000 000000006db3468a
0x000000004c95f790:   0000000000000000 000000006d4e54d3
0x000000004c95f7a0:   000000004b5d4000 000000000029ad60
0x000000004c95f7b0:   000000004b5d4000 0000000000000000
0x000000004c95f7c0:   0000000000000000 0000000000000000
0x000000004c95f7d0:   0000000000000001 000000006d4dff6e
0x000000004c95f7e0:   000000004c95f840 000000004b54bbc8
0x000000004c95f7f0:   0000000000000001 653b7265706c6548
0x000000004c95f800:   0000000000000001 653b7265706c6548
0x000000004c95f810:   000000004c95f970 000000006d4c4f64
0x000000004c95f820:   000000004c95f970 085e5d4b0a000000
0x000000004c95f830:   000000004d75cfa0 0000000000000000
0x000000004c95f840:   0000000a4c95f900 0000000000000000
0x000000004c95f850:   0000000000000000 0000000000000000 

Instructions: (pc=0x000000006dadb6ea)
0x000000006dadb6da:   08 33 c0 48 83 c4 20 5b c3 80 3d 5e 89 3d 00 00
0x000000006dadb6ea:   48 8b 19 74 16 8b 43 08 0f b6 0d e7 83 3c 00 48 


Stack: [0x000000004c860000,0x000000004c960000],  sp=0x000000004c95f760,  free space=3fd0000000000000000k
Native frames: (J=compiled Java code, j=interpreted, Vv=VM code, C=native code)
V  [jvm.dll+0x24b6ea]

[error occurred during error reporting (printing native stack), id 0xc0000005]


---------------  P R O C E S S  ---------------

Java Threads: ( => current thread )
  0x000000004b60d000 JavaThread "Low Memory Detector" daemon [_thread_blocked, id=2648, stack(0x000000004cfb0000,0x000000004d0b0000)]
  0x000000004b609000 JavaThread "CompilerThread1" daemon [_thread_blocked, id=1060, stack(0x000000004ceb0000,0x000000004cfb0000)]
  0x000000004b607800 JavaThread "CompilerThread0" daemon [_thread_blocked, id=1768, stack(0x000000004cdb0000,0x000000004ceb0000)]
  0x000000004b5e8800 JavaThread "JDWP Command Reader" daemon [_thread_in_native, id=3708, stack(0x000000004ccb0000,0x000000004cdb0000)]
  0x000000004b5e2000 JavaThread "JDWP Event Helper Thread" daemon [_thread_blocked, id=4004, stack(0x000000004ca60000,0x000000004cb60000)]
=>0x000000004b5d4000 JavaThread "JDWP Transport Listener: dt_socket" daemon [_thread_in_vm, id=1696, stack(0x000000004c860000,0x000000004c960000)]
  0x000000004b5cd000 JavaThread "Attach Listener" daemon [_thread_blocked, id=2632, stack(0x000000004c3c0000,0x000000004c4c0000)]
  0x000000004b5cc000 JavaThread "Signal Dispatcher" daemon [_thread_blocked, id=3928, stack(0x000000004c2c0000,0x000000004c3c0000)]
  0x000000004b574000 JavaThread "Finalizer" daemon [_thread_blocked, id=2504, stack(0x000000004c1c0000,0x000000004c2c0000)]
  0x000000004b56d800 JavaThread "Reference Handler" daemon [_thread_blocked, id=4000, stack(0x000000004c0c0000,0x000000004c1c0000)]
  0x000000000029d800 JavaThread "main" [_thread_blocked, id=3264, stack(0x0000000002520000,0x0000000002620000)]

Other Threads:
  0x000000004b567800 VMThread [stack: 0x000000004bfc0000,0x000000004c0c0000] [id=1808]
  0x000000004b610800 WatcherThread [stack: 0x000000004d0b0000,0x000000004d1b0000] [id=656]

VM state:not at safepoint (normal execution)

VM Mutex/Monitor currently owned by a thread: None

Heap
 PSYoungGen      total 19072K, used 4476K [0x0000000035380000, 0x00000000368c0000, 0x000000004a820000)
  eden space 16384K, 27% used [0x0000000035380000,0x00000000357df3c0,0x0000000036380000)
  from space 2688K, 0% used [0x0000000036620000,0x0000000036620000,0x00000000368c0000)
  to   space 2688K, 0% used [0x0000000036380000,0x0000000036380000,0x0000000036620000)
 PSOldGen        total 43648K, used 1281K [0x000000000aa20000, 0x000000000d4c0000, 0x0000000035380000)
  object space 43648K, 2% used [0x000000000aa20000,0x000000000ab60740,0x000000000d4c0000)
 PSPermGen       total 21824K, used 12057K [0x0000000005620000, 0x0000000006b70000, 0x000000000aa20000)
  object space 21824K, 55% used [0x0000000005620000,0x00000000061e6748,0x0000000006b70000)

Dynamic libraries:
0x0000000000400000 - 0x000000000042e000 	C:\tools\jdk-1.6_18\bin\javaw.exe
0x00000000779f0000 - 0x0000000077b9b000 	C:\Windows\SYSTEM32\ntdll.dll
0x00000000777d0000 - 0x00000000778ef000 	C:\Windows\system32\kernel32.dll
0x000007fefda60000 - 0x000007fefdacb000 	C:\Windows\system32\KERNELBASE.dll
0x000007fefe9b0000 - 0x000007fefea8b000 	C:\Windows\system32\ADVAPI32.dll
0x000007fefe3c0000 - 0x000007fefe45f000 	C:\Windows\system32\msvcrt.dll
0x000007feff870000 - 0x000007feff88f000 	C:\Windows\SYSTEM32\sechost.dll
0x000007feffaf0000 - 0x000007feffc1e000 	C:\Windows\system32\RPCRT4.dll
0x00000000778f0000 - 0x00000000779ea000 	C:\Windows\system32\USER32.dll
0x000007fefe460000 - 0x000007fefe4c7000 	C:\Windows\system32\GDI32.dll
0x000007fefe3b0000 - 0x000007fefe3be000 	C:\Windows\system32\LPK.dll
0x000007feffc30000 - 0x000007feffcfa000 	C:\Windows\system32\USP10.dll
0x000007fefe380000 - 0x000007fefe3ae000 	C:\Windows\system32\IMM32.DLL
0x000007fefe5f0000 - 0x000007fefe6f9000 	C:\Windows\system32\MSCTF.dll
0x000000006d890000 - 0x000000006df35000 	C:\tools\jdk-1.6_18\jre\bin\server\jvm.dll
0x000007fefb240000 - 0x000007fefb27b000 	C:\Windows\system32\WINMM.dll
0x000000006d800000 - 0x000000006d80e000 	C:\tools\jdk-1.6_18\jre\bin\verify.dll
0x000000006d450000 - 0x000000006d477000 	C:\tools\jdk-1.6_18\jre\bin\java.dll
0x000000006d3b0000 - 0x000000006d3ba000 	C:\tools\jdk-1.6_18\jre\bin\hpi.dll
0x0000000077bc0000 - 0x0000000077bc7000 	C:\Windows\system32\PSAPI.DLL
0x000000006d4c0000 - 0x000000006d4f4000 	C:\tools\jdk-1.6_18\jre\bin\jdwp.dll
0x000000006d6d0000 - 0x000000006d6d8000 	C:\tools\jdk-1.6_18\jre\bin\npt.dll
0x000000006d850000 - 0x000000006d862000 	C:\tools\jdk-1.6_18\jre\bin\zip.dll
0x000000006d310000 - 0x000000006d319000 	C:\tools\jdk-1.6_18\jre\bin\dt_socket.dll
0x000007feff820000 - 0x000007feff86d000 	C:\Windows\system32\WS2_32.dll
0x000007feffc20000 - 0x000007feffc28000 	C:\Windows\system32\NSI.dll
0x000007fefb5a0000 - 0x000007fefb5b5000 	C:\Windows\system32\NLAapi.dll
0x000007fefd1c0000 - 0x000007fefd214000 	C:\Windows\System32\mswsock.dll
0x000007fefd040000 - 0x000007fefd09b000 	C:\Windows\system32\DNSAPI.dll
0x000007fef90b0000 - 0x000007fef90bb000 	C:\Windows\System32\winrnr.dll
0x000007fef9090000 - 0x000007fef90a5000 	C:\Windows\system32\napinsp.dll
0x000007fef9070000 - 0x000007fef9089000 	C:\Windows\system32\pnrpnsp.dll
0x000007fefb200000 - 0x000007fefb227000 	C:\Windows\system32\IPHLPAPI.DLL
0x000007fefb1e0000 - 0x000007fefb1eb000 	C:\Windows\system32\WINNSI.DLL
0x000007fefb0a0000 - 0x000007fefb0f3000 	C:\Windows\System32\fwpuclnt.dll
0x000007fefa9a0000 - 0x000007fefa9a8000 	C:\Windows\system32\rasadhlp.dll
0x000007fefcb70000 - 0x000007fefcb77000 	C:\Windows\System32\wshtcpip.dll

VM Arguments:
jvm_args: -agentlib:jdwp=transport=dt_socket,suspend=y,address=localhost:58296 -Dfile.encoding=Cp1252 
java_command: br.com.tamandua.crawler.App --load-track-content --provider=vagalume --letters=x
Launcher Type: SUN_STANDARD

Environment Variables:
JAVA_HOME=C:\tools\jdk-1.6_18
PATH=C:\tools\jdk-1.6_18\jre\bin;C:/tools/jdk-1.6_18/bin/../jre/bin/server;C:/tools/jdk-1.6_18/bin/../jre/bin;C:\tools\jdk-1.6_18\bin;C:\tools\apache-ant-1.8.0\bin;C:\Program Files (x86)\Subversion\bin;C:\tools\apache-maven-2.2.1\bin;C:\Windows\system32;C:\Windows;C:\Windows\System32\Wbem;C:\Windows\System32\WindowsPowerShell\v1.0\;;C:\Program Files (x86)\Subversion\bin;C:\Program Files\TortoiseSVN\bin;C:\Program Files\SlikSvn\bin\;C:\tools\apache-tomcat-6.0.20\bin;C:\Program Files (x86)\WinSCP\;C:\tools\mysql-server-5.1\bin
USERNAME=BILL
OS=Windows_NT
PROCESSOR_IDENTIFIER=Intel64 Family 6 Model 30 Stepping 5, GenuineIntel



---------------  S Y S T E M  ---------------

OS: Windows 7 Build 7600 

CPU:total 8 (8 cores per cpu, 2 threads per core) family 6 model 30 stepping 5, cmov, cx8, fxsr, mmx, sse, sse2, sse3, ssse3, sse4.1, sse4.2, popcnt, ht

Memory: 4k page, physical 4185108k(1950268k free), swap 8368320k(5382752k free)

vm_info: Java HotSpot(TM) 64-Bit Server VM (16.0-b13) for windows-amd64 JRE (1.6.0_18-b07), built on Dec 17 2009 13:24:11 by "java_re" with MS VC++ 8.0 (VS2005)

time: Tue Mar 16 23:45:08 2010
elapsed time: 276 seconds

