2011-03-31 00:35:42,733 - Null reference [template 'twitter.vm', line 17, column 310] : $tweet.timeAgo cannot be resolved.
2011-03-31 00:35:42,733 - Null reference [template 'twitter.vm', line 13, column 91] : $tweet.user.profileImageUrl cannot be resolved.
2011-03-31 00:35:42,733 - Null reference [template 'twitter.vm', line 17, column 310] : $tweet.timeAgo cannot be resolved.
2011-03-31 00:35:42,733 - Null reference [template 'twitter.vm', line 13, column 91] : $tweet.user.profileImageUrl cannot be resolved.
2011-03-31 00:35:42,733 - Null reference [template 'twitter.vm', line 17, column 310] : $tweet.timeAgo cannot be resolved.
2011-03-31 00:35:42,734 - Null reference [template 'twitter.vm', line 13, column 91] : $tweet.user.profileImageUrl cannot be resolved.
2011-03-31 00:35:42,734 - Null reference [template 'twitter.vm', line 17, column 310] : $tweet.timeAgo cannot be resolved.
2011-03-31 00:35:42,734 - Null reference [template 'twitter.vm', line 13, column 91] : $tweet.user.profileImageUrl cannot be resolved.
2011-03-31 00:35:42,734 - Null reference [template 'twitter.vm', line 17, column 310] : $tweet.timeAgo cannot be resolved.
2011-03-31 00:35:42,734 - Null reference [template 'twitter.vm', line 13, column 91] : $tweet.user.profileImageUrl cannot be resolved.
2011-03-31 00:35:42,734 - Null reference [template 'twitter.vm', line 17, column 310] : $tweet.timeAgo cannot be resolved.
2011-03-31 00:35:42,734 - Null reference [template 'twitter.vm', line 13, column 91] : $tweet.user.profileImageUrl cannot be resolved.
2011-03-31 00:35:42,734 - Null reference [template 'twitter.vm', line 17, column 310] : $tweet.timeAgo cannot be resolved.
2011-03-31 00:35:42,735 - Null reference [template 'twitter.vm', line 13, column 91] : $tweet.user.profileImageUrl cannot be resolved.
2011-03-31 00:35:42,735 - Null reference [template 'twitter.vm', line 17, column 310] : $tweet.timeAgo cannot be resolved.
2011-03-31 00:35:42,735 - Null reference [template 'twitter.vm', line 13, column 91] : $tweet.user.profileImageUrl cannot be resolved.
2011-03-31 00:35:42,735 - Null reference [template 'twitter.vm', line 17, column 310] : $tweet.timeAgo cannot be resolved.
2011-03-31 00:35:42,735 - Null reference [template 'twitter.vm', line 13, column 91] : $tweet.user.profileImageUrl cannot be resolved.
2011-03-31 00:35:42,735 - Null reference [template 'twitter.vm', line 17, column 310] : $tweet.timeAgo cannot be resolved.
2011-03-31 00:35:42,735 - Null reference [template 'twitter.vm', line 13, column 91] : $tweet.user.profileImageUrl cannot be resolved.
2011-03-31 00:35:42,735 - Null reference [template 'twitter.vm', line 17, column 310] : $tweet.timeAgo cannot be resolved.
2011-03-31 00:35:42,735 - Null reference [template 'twitter.vm', line 13, column 91] : $tweet.user.profileImageUrl cannot be resolved.
2011-03-31 00:35:42,736 - Null reference [template 'twitter.vm', line 17, column 310] : $tweet.timeAgo cannot be resolved.
2011-03-31 00:35:42,736 - Null reference [template 'twitter.vm', line 13, column 91] : $tweet.user.profileImageUrl cannot be resolved.
2011-03-31 00:35:42,736 - Null reference [template 'twitter.vm', line 17, column 310] : $tweet.timeAgo cannot be resolved.
2011-03-31 00:35:42,736 - Null reference [template 'twitter.vm', line 13, column 91] : $tweet.user.profileImageUrl cannot be resolved.
2011-03-31 00:35:42,736 - Null reference [template 'twitter.vm', line 17, column 310] : $tweet.timeAgo cannot be resolved.
2011-03-31 00:35:42,736 - Null reference [template 'twitter.vm', line 13, column 91] : $tweet.user.profileImageUrl cannot be resolved.
2011-03-31 00:35:42,736 - Null reference [template 'twitter.vm', line 17, column 310] : $tweet.timeAgo cannot be resolved.
2011-03-31 00:35:42,736 - Null reference [template 'twitter.vm', line 13, column 91] : $tweet.user.profileImageUrl cannot be resolved.
2011-03-31 00:35:42,736 - Null reference [template 'twitter.vm', line 17, column 310] : $tweet.timeAgo cannot be resolved.
2011-03-31 00:35:42,737 - Null reference [template 'twitter.vm', line 13, column 91] : $tweet.user.profileImageUrl cannot be resolved.
2011-03-31 00:35:42,737 - Null reference [template 'twitter.vm', line 17, column 310] : $tweet.timeAgo cannot be resolved.
2011-03-31 00:35:42,737 - Null reference [template 'twitter.vm', line 13, column 91] : $tweet.user.profileImageUrl cannot be resolved.
2011-03-31 00:35:42,737 - Null reference [template 'twitter.vm', line 17, column 310] : $tweet.timeAgo cannot be resolved.
2011-03-31 00:35:42,737 - Null reference [template 'twitter.vm', line 13, column 91] : $tweet.user.profileImageUrl cannot be resolved.
2011-03-31 00:35:42,737 - Null reference [template 'twitter.vm', line 17, column 310] : $tweet.timeAgo cannot be resolved.
2011-03-31 00:35:42,737 - Null reference [template 'twitter.vm', line 13, column 91] : $tweet.user.profileImageUrl cannot be resolved.
2011-03-31 00:35:42,737 - Null reference [template 'twitter.vm', line 17, column 310] : $tweet.timeAgo cannot be resolved.
2011-03-31 00:35:42,738 - Null reference [template 'twitter.vm', line 13, column 91] : $tweet.user.profileImageUrl cannot be resolved.
2011-03-31 00:35:42,738 - Null reference [template 'twitter.vm', line 17, column 310] : $tweet.timeAgo cannot be resolved.
2011-03-31 00:35:42,738 - Null reference [template 'twitter.vm', line 13, column 91] : $tweet.user.profileImageUrl cannot be resolved.
2011-03-31 00:35:42,738 - Null reference [template 'twitter.vm', line 17, column 310] : $tweet.timeAgo cannot be resolved.
2011-03-31 00:35:42,738 - Null reference [template 'twitter.vm', line 13, column 91] : $tweet.user.profileImageUrl cannot be resolved.
2011-03-31 00:35:42,738 - Null reference [template 'twitter.vm', line 17, column 310] : $tweet.timeAgo cannot be resolved.
2011-03-31 00:39:27,434 - Log4JLogChute initialized using file 'velocity.log'
2011-03-31 00:39:27,434 - Starting Apache Velocity v1.6.3 (compiled: 2009-12-07 15:40:14)
2011-03-31 00:39:27,434 - Default Properties File: org\apache\velocity\runtime\defaults\velocity.properties
2011-03-31 00:39:27,434 - Trying to use logger class org.apache.velocity.runtime.log.AvalonLogChute
2011-03-31 00:39:27,434 - Target log system for org.apache.velocity.runtime.log.AvalonLogChute is not available (java.lang.NoClassDefFoundError: org/apache/log/format/Formatter).  Falling back to next log system...
2011-03-31 00:39:27,434 - Trying to use logger class org.apache.velocity.runtime.log.Log4JLogChute
2011-03-31 00:39:27,434 - Using logger class org.apache.velocity.runtime.log.Log4JLogChute
2011-03-31 00:39:27,438 - ResourceLoader instantiated: org.apache.velocity.runtime.resource.loader.FileResourceLoader
2011-03-31 00:39:27,439 - Do unicode file recognition:  false
2011-03-31 00:39:27,439 - FileResourceLoader : adding path '/export/htdocs/tocaletra.com.br/template'
2011-03-31 00:39:27,439 - FileResourceLoader : adding path '/export/htdocs/tocaletra.com.br/pages/include'
2011-03-31 00:39:27,441 - ResourceCache: initialized (class org.apache.velocity.runtime.resource.ResourceCacheImpl) with class java.util.Collections$SynchronizedMap cache map.
2011-03-31 00:39:27,442 - Loaded System Directive: org.apache.velocity.runtime.directive.Define
2011-03-31 00:39:27,442 - Loaded System Directive: org.apache.velocity.runtime.directive.Break
2011-03-31 00:39:27,443 - Loaded System Directive: org.apache.velocity.runtime.directive.Evaluate
2011-03-31 00:39:27,444 - Loaded System Directive: org.apache.velocity.runtime.directive.Literal
2011-03-31 00:39:27,445 - Loaded System Directive: org.apache.velocity.runtime.directive.Macro
2011-03-31 00:39:27,446 - Loaded System Directive: org.apache.velocity.runtime.directive.Parse
2011-03-31 00:39:27,447 - Loaded System Directive: org.apache.velocity.runtime.directive.Include
2011-03-31 00:39:27,447 - Loaded System Directive: org.apache.velocity.runtime.directive.Foreach
2011-03-31 00:39:27,467 - Created '20' parsers.
2011-03-31 00:39:27,472 - Velocimacro : "velocimacro.library" is not set.  Trying default library: VM_global_library.vm
2011-03-31 00:39:27,473 - Velocimacro : adding VMs from VM library : VM_global_library.vm
2011-03-31 00:39:27,632 - ResourceManager : found VM_global_library.vm with loader org.apache.velocity.runtime.resource.loader.FileResourceLoader
2011-03-31 00:39:27,633 - Velocimacro : allowInline = true : VMs can be defined inline in templates
2011-03-31 00:39:27,633 - Velocimacro : allowInlineToOverride = false : VMs defined inline may NOT replace previous VM definitions
2011-03-31 00:39:27,633 - Velocimacro : allowInlineLocal = false : VMs defined inline will be global in scope if allowed.
2011-03-31 00:39:27,633 - Velocimacro : autoload on : VM system will automatically reload global library macros
2011-03-31 00:39:27,819 - ResourceManager : found index.vm with loader org.apache.velocity.runtime.resource.loader.FileResourceLoader
2011-03-31 00:39:27,821 - ResourceManager : found az.inc with loader org.apache.velocity.runtime.resource.loader.FileResourceLoader
2011-03-31 00:39:27,845 - ResourceManager : found twitter.vm with loader org.apache.velocity.runtime.resource.loader.FileResourceLoader
2011-03-31 00:39:27,851 - Null reference [template 'twitter.vm', line 17, column 310] : $tweet.timeAgo cannot be resolved.
2011-03-31 00:39:27,852 - Null reference [template 'twitter.vm', line 17, column 310] : $tweet.timeAgo cannot be resolved.
2011-03-31 00:39:27,852 - Null reference [template 'twitter.vm', line 17, column 310] : $tweet.timeAgo cannot be resolved.
2011-03-31 00:39:27,852 - Null reference [template 'twitter.vm', line 17, column 310] : $tweet.timeAgo cannot be resolved.
2011-03-31 00:39:27,853 - Null reference [template 'twitter.vm', line 17, column 310] : $tweet.timeAgo cannot be resolved.
2011-03-31 00:39:27,853 - Null reference [template 'twitter.vm', line 17, column 310] : $tweet.timeAgo cannot be resolved.
2011-03-31 00:39:27,853 - Null reference [template 'twitter.vm', line 17, column 310] : $tweet.timeAgo cannot be resolved.
2011-03-31 00:39:27,853 - Null reference [template 'twitter.vm', line 17, column 310] : $tweet.timeAgo cannot be resolved.
2011-03-31 00:39:27,854 - Null reference [template 'twitter.vm', line 17, column 310] : $tweet.timeAgo cannot be resolved.
2011-03-31 00:39:27,854 - Null reference [template 'twitter.vm', line 17, column 310] : $tweet.timeAgo cannot be resolved.
2011-03-31 00:39:27,854 - Null reference [template 'twitter.vm', line 17, column 310] : $tweet.timeAgo cannot be resolved.
2011-03-31 00:39:27,854 - Null reference [template 'twitter.vm', line 17, column 310] : $tweet.timeAgo cannot be resolved.
2011-03-31 00:39:27,855 - Null reference [template 'twitter.vm', line 17, column 310] : $tweet.timeAgo cannot be resolved.
2011-03-31 00:39:27,855 - Null reference [template 'twitter.vm', line 17, column 310] : $tweet.timeAgo cannot be resolved.
2011-03-31 00:39:27,855 - Null reference [template 'twitter.vm', line 17, column 310] : $tweet.timeAgo cannot be resolved.
2011-03-31 00:39:27,856 - Null reference [template 'twitter.vm', line 17, column 310] : $tweet.timeAgo cannot be resolved.
2011-03-31 00:39:27,857 - Null reference [template 'twitter.vm', line 17, column 310] : $tweet.timeAgo cannot be resolved.
2011-03-31 00:39:27,857 - Null reference [template 'twitter.vm', line 17, column 310] : $tweet.timeAgo cannot be resolved.
2011-03-31 00:39:27,857 - Null reference [template 'twitter.vm', line 17, column 310] : $tweet.timeAgo cannot be resolved.
2011-03-31 00:39:27,857 - Null reference [template 'twitter.vm', line 17, column 310] : $tweet.timeAgo cannot be resolved.
2011-03-31 00:39:27,858 - Null reference [template 'twitter.vm', line 17, column 310] : $tweet.timeAgo cannot be resolved.
2011-03-31 00:39:27,858 - Null reference [template 'twitter.vm', line 17, column 310] : $tweet.timeAgo cannot be resolved.
2011-03-31 00:39:27,858 - Null reference [template 'twitter.vm', line 17, column 310] : $tweet.timeAgo cannot be resolved.
2011-03-31 00:39:27,858 - Null reference [template 'twitter.vm', line 17, column 310] : $tweet.timeAgo cannot be resolved.
2011-03-31 00:39:27,859 - Null reference [template 'twitter.vm', line 17, column 310] : $tweet.timeAgo cannot be resolved.
2011-03-31 00:39:27,859 - Null reference [template 'twitter.vm', line 17, column 310] : $tweet.timeAgo cannot be resolved.
2011-03-31 00:39:27,859 - Null reference [template 'twitter.vm', line 17, column 310] : $tweet.timeAgo cannot be resolved.
2011-03-31 00:39:27,859 - Null reference [template 'twitter.vm', line 17, column 310] : $tweet.timeAgo cannot be resolved.
2011-03-31 00:39:27,860 - Null reference [template 'twitter.vm', line 17, column 310] : $tweet.timeAgo cannot be resolved.
2011-03-31 00:39:27,860 - Null reference [template 'twitter.vm', line 17, column 310] : $tweet.timeAgo cannot be resolved.
2011-03-31 00:39:27,860 - Null reference [template 'twitter.vm', line 17, column 310] : $tweet.timeAgo cannot be resolved.
2011-03-31 00:39:27,860 - Null reference [template 'twitter.vm', line 17, column 310] : $tweet.timeAgo cannot be resolved.
2011-03-31 00:39:27,861 - Null reference [template 'twitter.vm', line 17, column 310] : $tweet.timeAgo cannot be resolved.
2011-03-31 00:39:27,861 - Null reference [template 'twitter.vm', line 17, column 310] : $tweet.timeAgo cannot be resolved.
2011-03-31 00:39:27,861 - Null reference [template 'twitter.vm', line 17, column 310] : $tweet.timeAgo cannot be resolved.
2011-03-31 00:39:27,861 - Null reference [template 'twitter.vm', line 17, column 310] : $tweet.timeAgo cannot be resolved.
2011-03-31 00:39:27,861 - Null reference [template 'twitter.vm', line 17, column 310] : $tweet.timeAgo cannot be resolved.
2011-03-31 00:39:27,862 - Null reference [template 'twitter.vm', line 17, column 310] : $tweet.timeAgo cannot be resolved.
2011-03-31 00:39:27,862 - ResourceManager : found cloud-artist.inc with loader org.apache.velocity.runtime.resource.loader.FileResourceLoader
2011-03-31 00:39:27,862 - ResourceManager : found cloud-music.inc with loader org.apache.velocity.runtime.resource.loader.FileResourceLoader
2011-03-31 00:39:27,862 - ResourceManager : found ultNot.inc with loader org.apache.velocity.runtime.resource.loader.FileResourceLoader
2011-03-31 00:39:27,880 - ResourceManager : found topArtists.vm with loader org.apache.velocity.runtime.resource.loader.FileResourceLoader
2011-03-31 00:39:27,895 - ResourceManager : found topMusics.vm with loader org.apache.velocity.runtime.resource.loader.FileResourceLoader
2011-03-31 00:39:27,915 - ResourceManager : found cloudArtist.vm with loader org.apache.velocity.runtime.resource.loader.FileResourceLoader
2011-03-31 00:39:27,928 - ResourceManager : found cloudMusic.vm with loader org.apache.velocity.runtime.resource.loader.FileResourceLoader
2011-03-31 00:39:27,954 - ResourceManager : found twitter.vm with loader org.apache.velocity.runtime.resource.loader.FileResourceLoader
2011-03-31 00:39:27,954 - Null reference [template 'twitter.vm', line 17, column 310] : $tweet.timeAgo cannot be resolved.
2011-03-31 00:39:27,955 - Null reference [template 'twitter.vm', line 17, column 310] : $tweet.timeAgo cannot be resolved.
2011-03-31 00:39:27,955 - Null reference [template 'twitter.vm', line 17, column 310] : $tweet.timeAgo cannot be resolved.
2011-03-31 00:39:27,956 - Null reference [template 'twitter.vm', line 17, column 310] : $tweet.timeAgo cannot be resolved.
2011-03-31 00:39:27,956 - Null reference [template 'twitter.vm', line 17, column 310] : $tweet.timeAgo cannot be resolved.
2011-03-31 00:39:27,956 - Null reference [template 'twitter.vm', line 17, column 310] : $tweet.timeAgo cannot be resolved.
2011-03-31 00:39:27,956 - Null reference [template 'twitter.vm', line 17, column 310] : $tweet.timeAgo cannot be resolved.
2011-03-31 00:39:27,957 - Null reference [template 'twitter.vm', line 17, column 310] : $tweet.timeAgo cannot be resolved.
2011-03-31 00:39:27,957 - Null reference [template 'twitter.vm', line 17, column 310] : $tweet.timeAgo cannot be resolved.
2011-03-31 00:39:27,957 - Null reference [template 'twitter.vm', line 17, column 310] : $tweet.timeAgo cannot be resolved.
2011-03-31 00:39:27,957 - Null reference [template 'twitter.vm', line 17, column 310] : $tweet.timeAgo cannot be resolved.
2011-03-31 00:39:27,958 - Null reference [template 'twitter.vm', line 17, column 310] : $tweet.timeAgo cannot be resolved.
2011-03-31 00:39:27,958 - Null reference [template 'twitter.vm', line 17, column 310] : $tweet.timeAgo cannot be resolved.
2011-03-31 00:39:27,958 - Null reference [template 'twitter.vm', line 17, column 310] : $tweet.timeAgo cannot be resolved.
2011-03-31 00:39:27,958 - Null reference [template 'twitter.vm', line 17, column 310] : $tweet.timeAgo cannot be resolved.
2011-03-31 00:39:27,958 - Null reference [template 'twitter.vm', line 17, column 310] : $tweet.timeAgo cannot be resolved.
2011-03-31 00:39:27,959 - Null reference [template 'twitter.vm', line 17, column 310] : $tweet.timeAgo cannot be resolved.
2011-03-31 00:39:27,959 - Null reference [template 'twitter.vm', line 17, column 310] : $tweet.timeAgo cannot be resolved.
2011-03-31 00:39:27,959 - Null reference [template 'twitter.vm', line 17, column 310] : $tweet.timeAgo cannot be resolved.
2011-03-31 00:39:27,959 - Null reference [template 'twitter.vm', line 17, column 310] : $tweet.timeAgo cannot be resolved.
2011-03-31 00:39:27,960 - Null reference [template 'twitter.vm', line 17, column 310] : $tweet.timeAgo cannot be resolved.
2011-03-31 00:39:27,960 - Null reference [template 'twitter.vm', line 17, column 310] : $tweet.timeAgo cannot be resolved.
2011-03-31 00:39:27,960 - Null reference [template 'twitter.vm', line 17, column 310] : $tweet.timeAgo cannot be resolved.
2011-03-31 00:39:27,960 - Null reference [template 'twitter.vm', line 17, column 310] : $tweet.timeAgo cannot be resolved.
2011-03-31 00:39:27,960 - Null reference [template 'twitter.vm', line 17, column 310] : $tweet.timeAgo cannot be resolved.
2011-03-31 00:39:27,961 - Null reference [template 'twitter.vm', line 17, column 310] : $tweet.timeAgo cannot be resolved.
2011-03-31 00:39:27,961 - Null reference [template 'twitter.vm', line 17, column 310] : $tweet.timeAgo cannot be resolved.
2011-03-31 00:39:27,961 - Null reference [template 'twitter.vm', line 17, column 310] : $tweet.timeAgo cannot be resolved.
2011-03-31 00:39:27,961 - Null reference [template 'twitter.vm', line 17, column 310] : $tweet.timeAgo cannot be resolved.
2011-03-31 00:39:27,962 - Null reference [template 'twitter.vm', line 17, column 310] : $tweet.timeAgo cannot be resolved.
2011-03-31 00:39:27,962 - Null reference [template 'twitter.vm', line 17, column 310] : $tweet.timeAgo cannot be resolved.
2011-03-31 00:39:27,962 - Null reference [template 'twitter.vm', line 17, column 310] : $tweet.timeAgo cannot be resolved.
2011-03-31 00:39:27,962 - Null reference [template 'twitter.vm', line 17, column 310] : $tweet.timeAgo cannot be resolved.
2011-03-31 00:39:27,962 - Null reference [template 'twitter.vm', line 17, column 310] : $tweet.timeAgo cannot be resolved.
2011-03-31 00:39:27,963 - Null reference [template 'twitter.vm', line 17, column 310] : $tweet.timeAgo cannot be resolved.
2011-03-31 00:39:27,963 - Null reference [template 'twitter.vm', line 17, column 310] : $tweet.timeAgo cannot be resolved.
2011-03-31 00:39:27,963 - Null reference [template 'twitter.vm', line 17, column 310] : $tweet.timeAgo cannot be resolved.
2011-03-31 00:39:27,963 - Null reference [template 'twitter.vm', line 17, column 310] : $tweet.timeAgo cannot be resolved.
2011-03-31 00:42:11,472 - Log4JLogChute initialized using file 'velocity.log'
2011-03-31 00:42:11,473 - Starting Apache Velocity v1.6.3 (compiled: 2009-12-07 15:40:14)
2011-03-31 00:42:11,473 - Default Properties File: org\apache\velocity\runtime\defaults\velocity.properties
2011-03-31 00:42:11,473 - Trying to use logger class org.apache.velocity.runtime.log.AvalonLogChute
2011-03-31 00:42:11,473 - Target log system for org.apache.velocity.runtime.log.AvalonLogChute is not available (java.lang.NoClassDefFoundError: org/apache/log/format/Formatter).  Falling back to next log system...
2011-03-31 00:42:11,473 - Trying to use logger class org.apache.velocity.runtime.log.Log4JLogChute
2011-03-31 00:42:11,473 - Using logger class org.apache.velocity.runtime.log.Log4JLogChute
2011-03-31 00:42:11,477 - ResourceLoader instantiated: org.apache.velocity.runtime.resource.loader.FileResourceLoader
2011-03-31 00:42:11,478 - Do unicode file recognition:  false
2011-03-31 00:42:11,478 - FileResourceLoader : adding path '/export/htdocs/tocaletra.com.br/template'
2011-03-31 00:42:11,478 - FileResourceLoader : adding path '/export/htdocs/tocaletra.com.br/pages/include'
2011-03-31 00:42:11,479 - ResourceCache: initialized (class org.apache.velocity.runtime.resource.ResourceCacheImpl) with class java.util.Collections$SynchronizedMap cache map.
2011-03-31 00:42:11,481 - Loaded System Directive: org.apache.velocity.runtime.directive.Define
2011-03-31 00:42:11,481 - Loaded System Directive: org.apache.velocity.runtime.directive.Break
2011-03-31 00:42:11,482 - Loaded System Directive: org.apache.velocity.runtime.directive.Evaluate
2011-03-31 00:42:11,482 - Loaded System Directive: org.apache.velocity.runtime.directive.Literal
2011-03-31 00:42:11,483 - Loaded System Directive: org.apache.velocity.runtime.directive.Macro
2011-03-31 00:42:11,485 - Loaded System Directive: org.apache.velocity.runtime.directive.Parse
2011-03-31 00:42:11,486 - Loaded System Directive: org.apache.velocity.runtime.directive.Include
2011-03-31 00:42:11,486 - Loaded System Directive: org.apache.velocity.runtime.directive.Foreach
2011-03-31 00:42:11,506 - Created '20' parsers.
2011-03-31 00:42:11,512 - Velocimacro : "velocimacro.library" is not set.  Trying default library: VM_global_library.vm
2011-03-31 00:42:11,512 - Velocimacro : adding VMs from VM library : VM_global_library.vm
2011-03-31 00:42:11,671 - ResourceManager : found VM_global_library.vm with loader org.apache.velocity.runtime.resource.loader.FileResourceLoader
2011-03-31 00:42:11,672 - Velocimacro : allowInline = true : VMs can be defined inline in templates
2011-03-31 00:42:11,672 - Velocimacro : allowInlineToOverride = false : VMs defined inline may NOT replace previous VM definitions
2011-03-31 00:42:11,672 - Velocimacro : allowInlineLocal = false : VMs defined inline will be global in scope if allowed.
2011-03-31 00:42:11,672 - Velocimacro : autoload on : VM system will automatically reload global library macros
2011-03-31 00:42:11,878 - ResourceManager : found index.vm with loader org.apache.velocity.runtime.resource.loader.FileResourceLoader
2011-03-31 00:42:11,880 - ResourceManager : found az.inc with loader org.apache.velocity.runtime.resource.loader.FileResourceLoader
2011-03-31 00:42:11,903 - ResourceManager : found twitter.vm with loader org.apache.velocity.runtime.resource.loader.FileResourceLoader
2011-03-31 00:42:11,916 - ResourceManager : found cloud-artist.inc with loader org.apache.velocity.runtime.resource.loader.FileResourceLoader
2011-03-31 00:42:11,916 - ResourceManager : found cloud-music.inc with loader org.apache.velocity.runtime.resource.loader.FileResourceLoader
2011-03-31 00:42:11,916 - ResourceManager : found ultNot.inc with loader org.apache.velocity.runtime.resource.loader.FileResourceLoader
2011-03-31 00:42:11,934 - ResourceManager : found topArtists.vm with loader org.apache.velocity.runtime.resource.loader.FileResourceLoader
2011-03-31 00:42:11,948 - ResourceManager : found topMusics.vm with loader org.apache.velocity.runtime.resource.loader.FileResourceLoader
2011-03-31 00:42:11,967 - ResourceManager : found cloudArtist.vm with loader org.apache.velocity.runtime.resource.loader.FileResourceLoader
2011-03-31 00:42:11,979 - ResourceManager : found cloudMusic.vm with loader org.apache.velocity.runtime.resource.loader.FileResourceLoader
2011-03-31 00:42:11,996 - ResourceManager : found twitter.vm with loader org.apache.velocity.runtime.resource.loader.FileResourceLoader
